<?xml version="1.0" encoding="UTF-8"?>
<!-- Generated by org.testng.reporters.JUnitReportReporter -->
<testsuite hostname="Manthan" failures="0" tests="1" name="testcases.SearchItemTest" time="10.351" errors="0" timestamp="2025-09-21T18:11:42 IST" skipped="0">
  <testcase classname="testcases.SearchItemTest" name="testsearchitem" time="10.351"/>
</testsuite> <!-- testcases.SearchItemTest -->
