<?xml version="1.0" encoding="UTF-8"?>
<!-- Generated by org.testng.reporters.JUnitReportReporter -->
<testsuite hostname="Manthan" failures="0" tests="1" name="testcases.CameraTest" time="14.805" errors="0" timestamp="2025-09-21T19:16:38 IST" skipped="0">
  <testcase classname="testcases.CameraTest" name="testRegistration" time="14.805"/>
</testsuite> <!-- testcases.CameraTest -->
