<?xml version="1.0" encoding="UTF-8"?>
<!-- Generated by org.testng.reporters.JUnitReportReporter -->
<testsuite hostname="Manthan" failures="0" tests="1" name="testcases.RegisterTest" time="6.533" errors="0" timestamp="2025-09-21T18:12:19 IST" skipped="0">
  <testcase classname="testcases.RegisterTest" name="testRegistration" time="6.533"/>
</testsuite> <!-- testcases.RegisterTest -->
